#
# There is insufficient memory for the Java Runtime Environment to continue.
# Native memory allocation (malloc) failed to allocate 1037776 bytes for Chunk::new
# Possible reasons:
#   The system is out of physical RAM or swap space
#   The process is running with CompressedOops enabled, and the Java Heap may be blocking the growth of the native heap
# Possible solutions:
#   Reduce memory load on the system
#   Increase physical memory or swap space
#   Check if swap backing store is full
#   Decrease Java heap size (-Xmx/-Xms)
#   Decrease number of Java threads
#   Decrease Java thread stack sizes (-Xss)
#   Set larger code cache with -XX:ReservedCodeCacheSize=
#   JVM is running with Zero Based Compressed Oops mode in which the Java heap is
#     placed in the first 32GB address space. The Java Heap base address is the
#     maximum limit for the native heap growth. Please use -XX:HeapBaseMinAddress
#     to set the Java Heap base and to place the Java Heap above 32GB virtual address.
# This output file may be truncated or incomplete.
#
#  Out of Memory Error (arena.cpp:189), pid=3696, tid=1052
#
# JRE version: OpenJDK Runtime Environment Corretto-17.0.7.7.1 (17.0.7+7) (build 17.0.7+7-LTS)
# Java VM: OpenJDK 64-Bit Server VM Corretto-17.0.7.7.1 (17.0.7+7-LTS, mixed mode, sharing, tiered, compressed oops, compressed class ptrs, g1 gc, windows-amd64)
# No core dump will be written. Minidumps are not enabled by default on client versions of Windows
#

---------------  S U M M A R Y ------------

Command Line: -ea -javaagent:C:\Users\stefanini\AppData\Local\JetBrains\IdeaIC2022.3\testAgent\intellij-coverage-agent-1.0.682.jar=C:\Users\stefanini\AppData\Local\Temp\coverage3args -Didea.new.sampling.coverage=true -Dcoverage.ignore.private.constructor.util.class=true -Didea.test.cyclic.buffer.size=1048576 -javaagent:C:\Program Files\JetBrains\IntelliJ IDEA Community Edition 2022.3.2\lib\idea_rt.jar=60013:C:\Program Files\JetBrains\IntelliJ IDEA Community Edition 2022.3.2\bin -Dfile.encoding=UTF-8 com.intellij.rt.junit.JUnitStarter -ideVersion5 -junit5 school.sptech.zup.controller.UsuarioControllerTest,usuarioController

Host: Intel(R) Core(TM) i5-6500T CPU @ 2.50GHz, 4 cores, 11G,  Windows 10 , 64 bit Build 19041 (10.0.19041.2913)
Time: Thu May 25 00:42:55 2023 Hora oficial do Brasil elapsed time: 2.382430 seconds (0d 0h 0m 2s)

---------------  T H R E A D  ---------------

Current thread (0x0000018408b31dc0):  JavaThread "C2 CompilerThread1" daemon [_thread_in_native, id=1052, stack(0x0000006ca1b00000,0x0000006ca1c00000)]


Current CompileTask:
C2:   2382 2350  s!   4       jdk.internal.loader.URLClassPath::getLoader (194 bytes)

Stack: [0x0000006ca1b00000,0x0000006ca1c00000]
Native frames: (J=compiled Java code, j=interpreted, Vv=VM code, C=native code)
V  [jvm.dll+0x64b53a]
V  [jvm.dll+0x7fef54]
V  [jvm.dll+0x80070e]
V  [jvm.dll+0x800d63]
V  [jvm.dll+0x236a2b]
V  [jvm.dll+0xbd47c]
V  [jvm.dll+0xbda5c]
V  [jvm.dll+0x350be2]
V  [jvm.dll+0x31b60f]
V  [jvm.dll+0x31aa4a]
V  [jvm.dll+0x20acf5]
V  [jvm.dll+0x20a287]
V  [jvm.dll+0x19a2ed]
V  [jvm.dll+0x21967d]
V  [jvm.dll+0x2178c4]
V  [jvm.dll+0x7b7dcb]
V  [jvm.dll+0x7b237a]
V  [jvm.dll+0x64a3a5]
C  [ucrtbase.dll+0x21bb2]
C  [KERNEL32.DLL+0x17614]
C  [ntdll.dll+0x526a1]


---------------  P R O C E S S  ---------------

Threads class SMR info:
_java_thread_list=0x000001840deb2f20, length=15, elements={
0x0000018468447a50, 0x00000184086b9280, 0x00000184086ba0f0, 0x00000184086cea70,
0x00000184086d0540, 0x00000184086d3000, 0x00000184086d49c0, 0x00000184086d5750,
0x00000184088780e0, 0x00000184088786e0, 0x00000184088cdaa0, 0x0000018408a94c10,
0x0000018408aca790, 0x0000018408b31dc0, 0x000001840e510c90
}

Java Threads: ( => current thread )
  0x0000018468447a50 JavaThread "main" [_thread_in_vm, id=4032, stack(0x0000006ca0700000,0x0000006ca0800000)]
  0x00000184086b9280 JavaThread "Reference Handler" daemon [_thread_blocked, id=7296, stack(0x0000006ca0e00000,0x0000006ca0f00000)]
  0x00000184086ba0f0 JavaThread "Finalizer" daemon [_thread_blocked, id=12704, stack(0x0000006ca0f00000,0x0000006ca1000000)]
  0x00000184086cea70 JavaThread "Signal Dispatcher" daemon [_thread_blocked, id=7116, stack(0x0000006ca1000000,0x0000006ca1100000)]
  0x00000184086d0540 JavaThread "Attach Listener" daemon [_thread_blocked, id=4056, stack(0x0000006ca1100000,0x0000006ca1200000)]
  0x00000184086d3000 JavaThread "Service Thread" daemon [_thread_blocked, id=3108, stack(0x0000006ca1200000,0x0000006ca1300000)]
  0x00000184086d49c0 JavaThread "Monitor Deflation Thread" daemon [_thread_blocked, id=7560, stack(0x0000006ca1300000,0x0000006ca1400000)]
  0x00000184086d5750 JavaThread "C2 CompilerThread0" daemon [_thread_in_native, id=7556, stack(0x0000006ca1400000,0x0000006ca1500000)]
  0x00000184088780e0 JavaThread "C1 CompilerThread0" daemon [_thread_blocked, id=13056, stack(0x0000006ca1500000,0x0000006ca1600000)]
  0x00000184088786e0 JavaThread "Sweeper thread" daemon [_thread_blocked, id=4352, stack(0x0000006ca1600000,0x0000006ca1700000)]
  0x00000184088cdaa0 JavaThread "Common-Cleaner" daemon [_thread_blocked, id=7608, stack(0x0000006ca1700000,0x0000006ca1800000)]
  0x0000018408a94c10 JavaThread "Monitor Ctrl-Break" daemon [_thread_in_native, id=12692, stack(0x0000006ca1800000,0x0000006ca1900000)]
  0x0000018408aca790 JavaThread "Notification Thread" daemon [_thread_blocked, id=9284, stack(0x0000006ca1900000,0x0000006ca1a00000)]
=>0x0000018408b31dc0 JavaThread "C2 CompilerThread1" daemon [_thread_in_native, id=1052, stack(0x0000006ca1b00000,0x0000006ca1c00000)]
  0x000001840e510c90 JavaThread "Thread-0" [_thread_in_vm, id=6432, stack(0x0000006ca2000000,0x0000006ca2100000)]

Other Threads:
  0x00000184086b5af0 VMThread "VM Thread" [stack: 0x0000006ca0d00000,0x0000006ca0e00000] [id=5696]
  0x0000018408a95760 WatcherThread [stack: 0x0000006ca1a00000,0x0000006ca1b00000] [id=1396]
  0x00000184684a0fe0 GCTaskThread "GC Thread#0" [stack: 0x0000006ca0800000,0x0000006ca0900000] [id=11964]
  0x000001840d1be200 GCTaskThread "GC Thread#1" [stack: 0x0000006ca1c00000,0x0000006ca1d00000] [id=12856]
  0x000001840d1be4b0 GCTaskThread "GC Thread#2" [stack: 0x0000006ca1d00000,0x0000006ca1e00000] [id=4752]
  0x000001840d2b2dd0 GCTaskThread "GC Thread#3" [stack: 0x0000006ca1e00000,0x0000006ca1f00000] [id=12476]
  0x00000184684adb70 ConcurrentGCThread "G1 Main Marker" [stack: 0x0000006ca0900000,0x0000006ca0a00000] [id=12172]
  0x00000184684ae580 ConcurrentGCThread "G1 Conc#0" [stack: 0x0000006ca0a00000,0x0000006ca0b00000] [id=9568]
  0x00000184085824c0 ConcurrentGCThread "G1 Refine#0" [stack: 0x0000006ca0b00000,0x0000006ca0c00000] [id=11432]
  0x000001840d2b61d0 ConcurrentGCThread "G1 Refine#1" [stack: 0x0000006ca1f00000,0x0000006ca2000000] [id=9952]
  0x0000018408582ee0 ConcurrentGCThread "G1 Service" [stack: 0x0000006ca0c00000,0x0000006ca0d00000] [id=8092]

Threads with active compile tasks:
C2 CompilerThread0     2661 2362       4       java.net.URLStreamHandler::parseURL (1201 bytes)
C2 CompilerThread1     2661 2350  s!   4       jdk.internal.loader.URLClassPath::getLoader (194 bytes)

VM state: not at safepoint (normal execution)

VM Mutex/Monitor currently owned by a thread:  ([mutex/lock_event])
[0x0000018468434bb0] Metaspace_lock - owner thread: 0x000001840e510c90

OutOfMemory and StackOverflow Exception counts:
OutOfMemoryError java_heap_errors=1
LinkageErrors=43

Heap address: 0x0000000741c00000, size: 3044 MB, Compressed Oops mode: Zero based, Oop shift amount: 3

CDS archive(s) mapped at: [0x0000000800000000-0x0000000800bc0000-0x0000000800bc0000), size 12320768, SharedBaseAddress: 0x0000000800000000, ArchiveRelocationMode: 0.
Compressed class space mapped at: 0x0000000801000000-0x0000000841000000, reserved size: 1073741824
Narrow klass base: 0x0000000800000000, Narrow klass shift: 0, Narrow klass range: 0x100000000

GC Precious Log:
 CPUs: 4 total, 4 available
 Memory: 12170M
 Large Page Support: Disabled
 NUMA Support: Disabled
 Compressed Oops: Enabled (Zero based)
 Heap Region Size: 2M
 Heap Min Capacity: 8M
 Heap Initial Capacity: 192M
 Heap Max Capacity: 3044M
 Pre-touch: Disabled
 Parallel Workers: 4
 Concurrent Workers: 1
 Concurrent Refinement Workers: 4
 Periodic GC: Disabled

Heap:
 garbage-first heap   total 196608K, used 16527K [0x0000000741c00000, 0x0000000800000000)
  region size 2048K, 5 young (10240K), 2 survivors (4096K)
 Metaspace       used 14685K, committed 14912K, reserved 1114112K
  class space    used 2132K, committed 2240K, reserved 1048576K

Heap Regions: E=young(eden), S=young(survivor), O=old, HS=humongous(starts), HC=humongous(continues), CS=collection set, F=free, OA=open archive, CA=closed archive, TAMS=top-at-mark-start (previous, next)
|   0|0x0000000741c00000, 0x0000000741e00000, 0x0000000741e00000|100%| O|  |TAMS 0x0000000741c00000, 0x0000000741c00000| Untracked 
|   1|0x0000000741e00000, 0x0000000742000000, 0x0000000742000000|100%| O|  |TAMS 0x0000000741e00000, 0x0000000741e00000| Untracked 
|   2|0x0000000742000000, 0x0000000742200000, 0x0000000742200000|100%| O|  |TAMS 0x0000000742000000, 0x0000000742000000| Untracked 
|   3|0x0000000742200000, 0x0000000742400000, 0x0000000742400000|100%| O|  |TAMS 0x0000000742200000, 0x0000000742200000| Untracked 
|   4|0x0000000742400000, 0x000000074252f000, 0x0000000742600000| 59%| O|  |TAMS 0x0000000742400000, 0x0000000742400000| Untracked 
|   5|0x0000000742600000, 0x0000000742600000, 0x0000000742800000|  0%| F|  |TAMS 0x0000000742600000, 0x0000000742600000| Untracked 
|   6|0x0000000742800000, 0x0000000742800000, 0x0000000742a00000|  0%| F|  |TAMS 0x0000000742800000, 0x0000000742800000| Untracked 
|   7|0x0000000742a00000, 0x0000000742a00000, 0x0000000742c00000|  0%| F|  |TAMS 0x0000000742a00000, 0x0000000742a00000| Untracked 
|   8|0x0000000742c00000, 0x0000000742c00000, 0x0000000742e00000|  0%| F|  |TAMS 0x0000000742c00000, 0x0000000742c00000| Untracked 
|   9|0x0000000742e00000, 0x0000000742e00000, 0x0000000743000000|  0%| F|  |TAMS 0x0000000742e00000, 0x0000000742e00000| Untracked 
|  10|0x0000000743000000, 0x0000000743000000, 0x0000000743200000|  0%| F|  |TAMS 0x0000000743000000, 0x0000000743000000| Untracked 
|  11|0x0000000743200000, 0x0000000743200000, 0x0000000743400000|  0%| F|  |TAMS 0x0000000743200000, 0x0000000743200000| Untracked 
|  12|0x0000000743400000, 0x0000000743400000, 0x0000000743600000|  0%| F|  |TAMS 0x0000000743400000, 0x0000000743400000| Untracked 
|  13|0x0000000743600000, 0x0000000743600000, 0x0000000743800000|  0%| F|  |TAMS 0x0000000743600000, 0x0000000743600000| Untracked 
|  14|0x0000000743800000, 0x0000000743800000, 0x0000000743a00000|  0%| F|  |TAMS 0x0000000743800000, 0x0000000743800000| Untracked 
|  15|0x0000000743a00000, 0x0000000743a00000, 0x0000000743c00000|  0%| F|  |TAMS 0x0000000743a00000, 0x0000000743a00000| Untracked 
|  16|0x0000000743c00000, 0x0000000743c00000, 0x0000000743e00000|  0%| F|  |TAMS 0x0000000743c00000, 0x0000000743c00000| Untracked 
|  17|0x0000000743e00000, 0x0000000743e00000, 0x0000000744000000|  0%| F|  |TAMS 0x0000000743e00000, 0x0000000743e00000| Untracked 
|  18|0x0000000744000000, 0x0000000744000000, 0x0000000744200000|  0%| F|  |TAMS 0x0000000744000000, 0x0000000744000000| Untracked 
|  19|0x0000000744200000, 0x0000000744200000, 0x0000000744400000|  0%| F|  |TAMS 0x0000000744200000, 0x0000000744200000| Untracked 
|  20|0x0000000744400000, 0x0000000744400000, 0x0000000744600000|  0%| F|  |TAMS 0x0000000744400000, 0x0000000744400000| Untracked 
|  21|0x0000000744600000, 0x0000000744600000, 0x0000000744800000|  0%| F|  |TAMS 0x0000000744600000, 0x0000000744600000| Untracked 
|  22|0x0000000744800000, 0x0000000744800000, 0x0000000744a00000|  0%| F|  |TAMS 0x0000000744800000, 0x0000000744800000| Untracked 
|  23|0x0000000744a00000, 0x0000000744a00000, 0x0000000744c00000|  0%| F|  |TAMS 0x0000000744a00000, 0x0000000744a00000| Untracked 
|  24|0x0000000744c00000, 0x0000000744c00000, 0x0000000744e00000|  0%| F|  |TAMS 0x0000000744c00000, 0x0000000744c00000| Untracked 
|  25|0x0000000744e00000, 0x0000000744e00000, 0x0000000745000000|  0%| F|  |TAMS 0x0000000744e00000, 0x0000000744e00000| Untracked 
|  26|0x0000000745000000, 0x0000000745000000, 0x0000000745200000|  0%| F|  |TAMS 0x0000000745000000, 0x0000000745000000| Untracked 
|  27|0x0000000745200000, 0x0000000745200000, 0x0000000745400000|  0%| F|  |TAMS 0x0000000745200000, 0x0000000745200000| Untracked 
|  28|0x0000000745400000, 0x0000000745400000, 0x0000000745600000|  0%| F|  |TAMS 0x0000000745400000, 0x0000000745400000| Untracked 
|  29|0x0000000745600000, 0x0000000745600000, 0x0000000745800000|  0%| F|  |TAMS 0x0000000745600000, 0x0000000745600000| Untracked 
|  30|0x0000000745800000, 0x0000000745800000, 0x0000000745a00000|  0%| F|  |TAMS 0x0000000745800000, 0x0000000745800000| Untracked 
|  31|0x0000000745a00000, 0x0000000745a00000, 0x0000000745c00000|  0%| F|  |TAMS 0x0000000745a00000, 0x0000000745a00000| Untracked 
|  32|0x0000000745c00000, 0x0000000745c00000, 0x0000000745e00000|  0%| F|  |TAMS 0x0000000745c00000, 0x0000000745c00000| Untracked 
|  33|0x0000000745e00000, 0x0000000745e00000, 0x0000000746000000|  0%| F|  |TAMS 0x0000000745e00000, 0x0000000745e00000| Untracked 
|  34|0x0000000746000000, 0x0000000746000000, 0x0000000746200000|  0%| F|  |TAMS 0x0000000746000000, 0x0000000746000000| Untracked 
|  35|0x0000000746200000, 0x0000000746200000, 0x0000000746400000|  0%| F|  |TAMS 0x0000000746200000, 0x0000000746200000| Untracked 
|  36|0x0000000746400000, 0x0000000746400000, 0x0000000746600000|  0%| F|  |TAMS 0x0000000746400000, 0x0000000746400000| Untracked 
|  37|0x0000000746600000, 0x0000000746600000, 0x0000000746800000|  0%| F|  |TAMS 0x0000000746600000, 0x0000000746600000| Untracked 
|  38|0x0000000746800000, 0x0000000746800000, 0x0000000746a00000|  0%| F|  |TAMS 0x0000000746800000, 0x0000000746800000| Untracked 
|  39|0x0000000746a00000, 0x0000000746a00000, 0x0000000746c00000|  0%| F|  |TAMS 0x0000000746a00000, 0x0000000746a00000| Untracked 
|  40|0x0000000746c00000, 0x0000000746c00000, 0x0000000746e00000|  0%| F|  |TAMS 0x0000000746c00000, 0x0000000746c00000| Untracked 
|  41|0x0000000746e00000, 0x0000000746e00000, 0x0000000747000000|  0%| F|  |TAMS 0x0000000746e00000, 0x0000000746e00000| Untracked 
|  42|0x0000000747000000, 0x0000000747000000, 0x0000000747200000|  0%| F|  |TAMS 0x0000000747000000, 0x0000000747000000| Untracked 
|  43|0x0000000747200000, 0x0000000747200000, 0x0000000747400000|  0%| F|  |TAMS 0x0000000747200000, 0x0000000747200000| Untracked 
|  44|0x0000000747400000, 0x0000000747400000, 0x0000000747600000|  0%| F|  |TAMS 0x0000000747400000, 0x0000000747400000| Untracked 
|  45|0x0000000747600000, 0x0000000747600000, 0x0000000747800000|  0%| F|  |TAMS 0x0000000747600000, 0x0000000747600000| Untracked 
|  46|0x0000000747800000, 0x0000000747800000, 0x0000000747a00000|  0%| F|  |TAMS 0x0000000747800000, 0x0000000747800000| Untracked 
|  47|0x0000000747a00000, 0x0000000747a00000, 0x0000000747c00000|  0%| F|  |TAMS 0x0000000747a00000, 0x0000000747a00000| Untracked 
|  48|0x0000000747c00000, 0x0000000747c00000, 0x0000000747e00000|  0%| F|  |TAMS 0x0000000747c00000, 0x0000000747c00000| Untracked 
|  49|0x0000000747e00000, 0x0000000747e00000, 0x0000000748000000|  0%| F|  |TAMS 0x0000000747e00000, 0x0000000747e00000| Untracked 
|  50|0x0000000748000000, 0x0000000748000000, 0x0000000748200000|  0%| F|  |TAMS 0x0000000748000000, 0x0000000748000000| Untracked 
|  51|0x0000000748200000, 0x0000000748200000, 0x0000000748400000|  0%| F|  |TAMS 0x0000000748200000, 0x0000000748200000| Untracked 
|  52|0x0000000748400000, 0x0000000748400000, 0x0000000748600000|  0%| F|  |TAMS 0x0000000748400000, 0x0000000748400000| Untracked 
|  53|0x0000000748600000, 0x0000000748600000, 0x0000000748800000|  0%| F|  |TAMS 0x0000000748600000, 0x0000000748600000| Untracked 
|  54|0x0000000748800000, 0x0000000748800000, 0x0000000748a00000|  0%| F|  |TAMS 0x0000000748800000, 0x0000000748800000| Untracked 
|  55|0x0000000748a00000, 0x0000000748a00000, 0x0000000748c00000|  0%| F|  |TAMS 0x0000000748a00000, 0x0000000748a00000| Untracked 
|  56|0x0000000748c00000, 0x0000000748c00000, 0x0000000748e00000|  0%| F|  |TAMS 0x0000000748c00000, 0x0000000748c00000| Untracked 
|  57|0x0000000748e00000, 0x0000000748e00000, 0x0000000749000000|  0%| F|  |TAMS 0x0000000748e00000, 0x0000000748e00000| Untracked 
|  58|0x0000000749000000, 0x0000000749000000, 0x0000000749200000|  0%| F|  |TAMS 0x0000000749000000, 0x0000000749000000| Untracked 
|  59|0x0000000749200000, 0x0000000749200000, 0x0000000749400000|  0%| F|  |TAMS 0x0000000749200000, 0x0000000749200000| Untracked 
|  60|0x0000000749400000, 0x0000000749400000, 0x0000000749600000|  0%| F|  |TAMS 0x0000000749400000, 0x0000000749400000| Untracked 
|  61|0x0000000749600000, 0x0000000749600000, 0x0000000749800000|  0%| F|  |TAMS 0x0000000749600000, 0x0000000749600000| Untracked 
|  62|0x0000000749800000, 0x0000000749800000, 0x0000000749a00000|  0%| F|  |TAMS 0x0000000749800000, 0x0000000749800000| Untracked 
|  63|0x0000000749a00000, 0x0000000749a00000, 0x0000000749c00000|  0%| F|  |TAMS 0x0000000749a00000, 0x0000000749a00000| Untracked 
|  64|0x0000000749c00000, 0x0000000749c00000, 0x0000000749e00000|  0%| F|  |TAMS 0x0000000749c00000, 0x0000000749c00000| Untracked 
|  65|0x0000000749e00000, 0x0000000749e00000, 0x000000074a000000|  0%| F|  |TAMS 0x0000000749e00000, 0x0000000749e00000| Untracked 
|  66|0x000000074a000000, 0x000000074a000000, 0x000000074a200000|  0%| F|  |TAMS 0x000000074a000000, 0x000000074a000000| Untracked 
|  67|0x000000074a200000, 0x000000074a200000, 0x000000074a400000|  0%| F|  |TAMS 0x000000074a200000, 0x000000074a200000| Untracked 
|  68|0x000000074a400000, 0x000000074a400000, 0x000000074a600000|  0%| F|  |TAMS 0x000000074a400000, 0x000000074a400000| Untracked 
|  69|0x000000074a600000, 0x000000074a600000, 0x000000074a800000|  0%| F|  |TAMS 0x000000074a600000, 0x000000074a600000| Untracked 
|  70|0x000000074a800000, 0x000000074a800000, 0x000000074aa00000|  0%| F|  |TAMS 0x000000074a800000, 0x000000074a800000| Untracked 
|  71|0x000000074aa00000, 0x000000074aaf4d68, 0x000000074ac00000| 47%| S|CS|TAMS 0x000000074aa00000, 0x000000074aa00000| Complete 
|  72|0x000000074ac00000, 0x000000074ae00000, 0x000000074ae00000|100%| S|CS|TAMS 0x000000074ac00000, 0x000000074ac00000| Complete 
|  73|0x000000074ae00000, 0x000000074ae00000, 0x000000074b000000|  0%| F|  |TAMS 0x000000074ae00000, 0x000000074ae00000| Untracked 
|  74|0x000000074b000000, 0x000000074b000000, 0x000000074b200000|  0%| F|  |TAMS 0x000000074b000000, 0x000000074b000000| Untracked 
|  75|0x000000074b200000, 0x000000074b200000, 0x000000074b400000|  0%| F|  |TAMS 0x000000074b200000, 0x000000074b200000| Untracked 
|  76|0x000000074b400000, 0x000000074b400000, 0x000000074b600000|  0%| F|  |TAMS 0x000000074b400000, 0x000000074b400000| Untracked 
|  77|0x000000074b600000, 0x000000074b600000, 0x000000074b800000|  0%| F|  |TAMS 0x000000074b600000, 0x000000074b600000| Untracked 
|  78|0x000000074b800000, 0x000000074b800000, 0x000000074ba00000|  0%| F|  |TAMS 0x000000074b800000, 0x000000074b800000| Untracked 
|  79|0x000000074ba00000, 0x000000074ba00000, 0x000000074bc00000|  0%| F|  |TAMS 0x000000074ba00000, 0x000000074ba00000| Untracked 
|  80|0x000000074bc00000, 0x000000074bc00000, 0x000000074be00000|  0%| F|  |TAMS 0x000000074bc00000, 0x000000074bc00000| Untracked 
|  81|0x000000074be00000, 0x000000074be00000, 0x000000074c000000|  0%| F|  |TAMS 0x000000074be00000, 0x000000074be00000| Untracked 
|  82|0x000000074c000000, 0x000000074c000000, 0x000000074c200000|  0%| F|  |TAMS 0x000000074c000000, 0x000000074c000000| Untracked 
|  83|0x000000074c200000, 0x000000074c200000, 0x000000074c400000|  0%| F|  |TAMS 0x000000074c200000, 0x000000074c200000| Untracked 
|  84|0x000000074c400000, 0x000000074c400000, 0x000000074c600000|  0%| F|  |TAMS 0x000000074c400000, 0x000000074c400000| Untracked 
|  85|0x000000074c600000, 0x000000074c600000, 0x000000074c800000|  0%| F|  |TAMS 0x000000074c600000, 0x000000074c600000| Untracked 
|  86|0x000000074c800000, 0x000000074c800000, 0x000000074ca00000|  0%| F|  |TAMS 0x000000074c800000, 0x000000074c800000| Untracked 
|  87|0x000000074ca00000, 0x000000074ca00000, 0x000000074cc00000|  0%| F|  |TAMS 0x000000074ca00000, 0x000000074ca00000| Untracked 
|  88|0x000000074cc00000, 0x000000074cc00000, 0x000000074ce00000|  0%| F|  |TAMS 0x000000074cc00000, 0x000000074cc00000| Untracked 
|  89|0x000000074ce00000, 0x000000074ce00000, 0x000000074d000000|  0%| F|  |TAMS 0x000000074ce00000, 0x000000074ce00000| Untracked 
|  90|0x000000074d000000, 0x000000074d000000, 0x000000074d200000|  0%| F|  |TAMS 0x000000074d000000, 0x000000074d000000| Untracked 
|  91|0x000000074d200000, 0x000000074d200000, 0x000000074d400000|  0%| F|  |TAMS 0x000000074d200000, 0x000000074d200000| Untracked 
|  92|0x000000074d400000, 0x000000074d400000, 0x000000074d600000|  0%| F|  |TAMS 0x000000074d400000, 0x000000074d400000| Untracked 
|  93|0x000000074d600000, 0x000000074d7ef4e0, 0x000000074d800000| 96%| E|  |TAMS 0x000000074d600000, 0x000000074d600000| Complete 
|  94|0x000000074d800000, 0x000000074da00000, 0x000000074da00000|100%| E|CS|TAMS 0x000000074d800000, 0x000000074d800000| Complete 
|  95|0x000000074da00000, 0x000000074dc00000, 0x000000074dc00000|100%| E|CS|TAMS 0x000000074da00000, 0x000000074da00000| Complete 

Card table byte_map: [0x000001847f540000,0x000001847fb40000] _byte_map_base: 0x000001847bb32000

Marking Bits (Prev, Next): (CMBitMap*) 0x00000184684a1400, (CMBitMap*) 0x00000184684a1440
 Prev Bits: [0x0000018400600000, 0x0000018403590000)
 Next Bits: [0x0000018403590000, 0x0000018406520000)

Polling page: 0x0000018466430000

Metaspace:

Usage:
  Non-class:     12.26 MB used.
      Class:      2.08 MB used.
       Both:     14.34 MB used.

Virtual space:
  Non-class space:       64.00 MB reserved,      12.38 MB ( 19%) committed,  1 nodes.
      Class space:        1.00 GB reserved,       2.19 MB ( <1%) committed,  1 nodes.
             Both:        1.06 GB reserved,      14.56 MB (  1%) committed. 

Chunk freelists:
   Non-Class:  3.64 MB
       Class:  13.79 MB
        Both:  17.43 MB

MaxMetaspaceSize: unlimited
CompressedClassSpaceSize: 1.00 GB
Initial GC threshold: 21.00 MB
Current GC threshold: 21.00 MB
CDS: on
MetaspaceReclaimPolicy: balanced
 - commit_granule_bytes: 65536.
 - commit_granule_words: 8192.
 - virtual_space_node_default_size: 8388608.
 - enlarge_chunks_in_place: 1.
 - new_chunks_are_fully_committed: 0.
 - uncommit_free_chunks: 1.
 - use_allocation_guard: 0.
 - handle_deallocations: 1.


Internal statistics:

num_allocs_failed_limit: 0.
num_arena_births: 182.
num_arena_deaths: 0.
num_vsnodes_births: 2.
num_vsnodes_deaths: 0.
num_space_committed: 233.
num_space_uncommitted: 0.
num_chunks_returned_to_freelist: 0.
num_chunks_taken_from_freelist: 693.
num_chunk_merges: 0.
num_chunk_splits: 422.
num_chunks_enlarged: 290.
num_inconsistent_stats: 0.

CodeHeap 'non-profiled nmethods': size=120000Kb used=962Kb max_used=962Kb free=119037Kb
 bounds [0x0000018477a10000, 0x0000018477c80000, 0x000001847ef40000]
CodeHeap 'profiled nmethods': size=120000Kb used=5182Kb max_used=5182Kb free=114818Kb
 bounds [0x000001846ff40000, 0x0000018470450000, 0x0000018477470000]
CodeHeap 'non-nmethods': size=5760Kb used=1192Kb max_used=1213Kb free=4567Kb
 bounds [0x0000018477470000, 0x00000184776e0000, 0x0000018477a10000]
 total_blobs=3017 nmethods=2533 adapters=395
 compilation: enabled
              stopped_count=0, restarted_count=0
 full_count=0

Compilation events (20 events):
Event: 2.341 Thread 0x00000184088780e0 nmethod 2467 0x000001847040f890 code [0x000001847040faa0, 0x0000018470410268]
Event: 2.341 Thread 0x00000184088780e0 2468       3       net.bytebuddy.description.type.TypeList$Generic$ForDetachedTypes$WithResolvedErasure::get (25 bytes)
Event: 2.341 Thread 0x00000184088780e0 nmethod 2468 0x0000018470410510 code [0x0000018470410700, 0x0000018470410e68]
Event: 2.341 Thread 0x00000184088780e0 2466       1       net.bytebuddy.dynamic.Transformer$ForMethod$TransformedMethod::asDefined (5 bytes)
Event: 2.341 Thread 0x00000184088780e0 nmethod 2466 0x0000018477afe510 code [0x0000018477afe6a0, 0x0000018477afe778]
Event: 2.342 Thread 0x00000184088780e0 2469       1       net.bytebuddy.implementation.auxiliary.MethodCallProxy$MethodCall::access$300 (5 bytes)
Event: 2.342 Thread 0x00000184088780e0 nmethod 2469 0x0000018477afe810 code [0x0000018477afe9a0, 0x0000018477afea58]
Event: 2.343 Thread 0x00000184088780e0 2471       3       net.bytebuddy.description.method.ParameterList$Explicit$ForTypes::get (87 bytes)
Event: 2.343 Thread 0x00000184088780e0 nmethod 2471 0x0000018470411090 code [0x00000184704112e0, 0x0000018470411e18]
Event: 2.343 Thread 0x00000184088780e0 2470       3       net.bytebuddy.description.method.ParameterList$Explicit$ForTypes::get (6 bytes)
Event: 2.343 Thread 0x00000184088780e0 nmethod 2470 0x0000018470412190 code [0x0000018470412340, 0x0000018470412488]
Event: 2.344 Thread 0x00000184088780e0 2472       3       net.bytebuddy.implementation.Implementation$Context$Default$AccessorMethod::getDeclaringType (5 bytes)
Event: 2.344 Thread 0x00000184088780e0 nmethod 2472 0x0000018470412510 code [0x00000184704126a0, 0x00000184704127d8]
Event: 2.346 Thread 0x00000184088780e0 2473       3       java.lang.invoke.MemberName::asSpecial (89 bytes)
Event: 2.347 Thread 0x00000184088780e0 nmethod 2473 0x0000018470412890 code [0x0000018470412b60, 0x0000018470413828]
Event: 2.367 Thread 0x00000184088780e0 2474       3       java.lang.String::substring (10 bytes)
Event: 2.367 Thread 0x00000184088780e0 nmethod 2474 0x0000018470413c90 code [0x0000018470413e40, 0x0000018470414088]
Event: 2.368 Thread 0x00000184088780e0 2475       2       java.lang.Character::isHighSurrogate (18 bytes)
Event: 2.368 Thread 0x00000184088780e0 nmethod 2475 0x0000018470414190 code [0x0000018470414320, 0x0000018470414438]
Event: 2.368 Thread 0x00000184088780e0 2476   !   3       java.lang.invoke.BootstrapMethodInvoker::invoke (974 bytes)

GC Heap History (6 events):
Event: 0.495 GC heap before
{Heap before GC invocations=0 (full 0):
 garbage-first heap   total 196608K, used 10240K [0x0000000741c00000, 0x0000000800000000)
  region size 2048K, 6 young (12288K), 0 survivors (0K)
 Metaspace       used 1835K, committed 1984K, reserved 1114112K
  class space    used 154K, committed 192K, reserved 1048576K
}
Event: 0.500 GC heap after
{Heap after GC invocations=1 (full 0):
 garbage-first heap   total 196608K, used 6894K [0x0000000741c00000, 0x0000000800000000)
  region size 2048K, 1 young (2048K), 1 survivors (2048K)
 Metaspace       used 1835K, committed 1984K, reserved 1114112K
  class space    used 154K, committed 192K, reserved 1048576K
}
Event: 0.613 GC heap before
{Heap before GC invocations=1 (full 0):
 garbage-first heap   total 196608K, used 13038K [0x0000000741c00000, 0x0000000800000000)
  region size 2048K, 4 young (8192K), 1 survivors (2048K)
 Metaspace       used 2430K, committed 2624K, reserved 1114112K
  class space    used 219K, committed 320K, reserved 1048576K
}
Event: 0.615 GC heap after
{Heap after GC invocations=2 (full 0):
 garbage-first heap   total 196608K, used 9385K [0x0000000741c00000, 0x0000000800000000)
  region size 2048K, 1 young (2048K), 1 survivors (2048K)
 Metaspace       used 2430K, committed 2624K, reserved 1114112K
  class space    used 219K, committed 320K, reserved 1048576K
}
Event: 1.101 GC heap before
{Heap before GC invocations=2 (full 0):
 garbage-first heap   total 196608K, used 23721K [0x0000000741c00000, 0x0000000800000000)
  region size 2048K, 8 young (16384K), 1 survivors (2048K)
 Metaspace       used 5890K, committed 6080K, reserved 1114112K
  class space    used 725K, committed 832K, reserved 1048576K
}
Event: 1.106 GC heap after
{Heap after GC invocations=3 (full 0):
 garbage-first heap   total 196608K, used 10511K [0x0000000741c00000, 0x0000000800000000)
  region size 2048K, 1 young (2048K), 1 survivors (2048K)
 Metaspace       used 5890K, committed 6080K, reserved 1114112K
  class space    used 725K, committed 832K, reserved 1048576K
}

Dll operation events (10 events):
Event: 0.035 Loaded shared library C:\Users\stefanini\.jdks\corretto-17.0.7\bin\java.dll
Event: 0.036 Loaded shared library C:\Users\stefanini\.jdks\corretto-17.0.7\bin\zip.dll
Event: 0.058 Loaded shared library C:\Users\stefanini\.jdks\corretto-17.0.7\bin\jsvml.dll
Event: 0.277 Loaded shared library C:\Users\stefanini\.jdks\corretto-17.0.7\bin\instrument.dll
Event: 0.288 Loaded shared library C:\Users\stefanini\.jdks\corretto-17.0.7\bin\zip.dll
Event: 0.293 Loaded shared library C:\Users\stefanini\.jdks\corretto-17.0.7\bin\jimage.dll
Event: 0.325 Loaded shared library C:\Users\stefanini\.jdks\corretto-17.0.7\bin\net.dll
Event: 0.327 Loaded shared library C:\Users\stefanini\.jdks\corretto-17.0.7\bin\nio.dll
Event: 0.354 Loaded shared library C:\Program Files\JetBrains\IntelliJ IDEA Community Edition 2022.3.2\bin\breakgen64.dll
Event: 1.062 Loaded shared library C:\Users\stefanini\.jdks\corretto-17.0.7\bin\verify.dll

Deoptimization events (20 events):
Event: 2.257 Thread 0x0000018468447a50 Uncommon trap: trap_request=0xffffff45 fr.pc=0x0000018477aacab4 relative=0x0000000000000674
Event: 2.257 Thread 0x0000018468447a50 Uncommon trap: reason=unstable_if action=reinterpret pc=0x0000018477aacab4 method=java.lang.StringLatin1.regionMatchesCI([BI[BII)Z @ 72 c2
Event: 2.257 Thread 0x0000018468447a50 DEOPT PACKING pc=0x0000018477aacab4 sp=0x0000006ca07f9f70
Event: 2.257 Thread 0x0000018468447a50 DEOPT UNPACKING pc=0x00000184774c69a3 sp=0x0000006ca07f9e38 mode 2
Event: 2.259 Thread 0x0000018468447a50 Uncommon trap: trap_request=0xffffff45 fr.pc=0x0000018477abf778 relative=0x0000000000000358
Event: 2.259 Thread 0x0000018468447a50 Uncommon trap: reason=unstable_if action=reinterpret pc=0x0000018477abf778 method=java.lang.String.indexOf([BBILjava/lang/String;I)I @ 54 c2
Event: 2.259 Thread 0x0000018468447a50 DEOPT PACKING pc=0x0000018477abf778 sp=0x0000006ca07f9ee0
Event: 2.259 Thread 0x0000018468447a50 DEOPT UNPACKING pc=0x00000184774c69a3 sp=0x0000006ca07f9df0 mode 2
Event: 2.260 Thread 0x0000018468447a50 Uncommon trap: trap_request=0xffffff45 fr.pc=0x0000018477abefb0 relative=0x0000000000000310
Event: 2.260 Thread 0x0000018468447a50 Uncommon trap: reason=unstable_if action=reinterpret pc=0x0000018477abefb0 method=java.lang.String.indexOf([BBILjava/lang/String;I)I @ 54 c2
Event: 2.260 Thread 0x0000018468447a50 DEOPT PACKING pc=0x0000018477abefb0 sp=0x0000006ca07f9e60
Event: 2.260 Thread 0x0000018468447a50 DEOPT UNPACKING pc=0x00000184774c69a3 sp=0x0000006ca07f9df0 mode 2
Event: 2.368 Thread 0x0000018468447a50 Uncommon trap: trap_request=0xffffff45 fr.pc=0x0000018477a6a3c8 relative=0x0000000000000048
Event: 2.368 Thread 0x0000018468447a50 Uncommon trap: reason=unstable_if action=reinterpret pc=0x0000018477a6a3c8 method=java.lang.CharacterData.of(I)Ljava/lang/CharacterData; @ 4 c2
Event: 2.368 Thread 0x0000018468447a50 DEOPT PACKING pc=0x0000018477a6a3c8 sp=0x0000006ca07fbbd0
Event: 2.368 Thread 0x0000018468447a50 DEOPT UNPACKING pc=0x00000184774c69a3 sp=0x0000006ca07fbb68 mode 2
Event: 2.369 Thread 0x0000018468447a50 Uncommon trap: trap_request=0xffffff45 fr.pc=0x0000018477a1ae2c relative=0x00000000000001ac
Event: 2.369 Thread 0x0000018468447a50 Uncommon trap: reason=unstable_if action=reinterpret pc=0x0000018477a1ae2c method=java.lang.String.isLatin1()Z @ 10 c2
Event: 2.369 Thread 0x0000018468447a50 DEOPT PACKING pc=0x0000018477a1ae2c sp=0x0000006ca07fc430
Event: 2.369 Thread 0x0000018468447a50 DEOPT UNPACKING pc=0x00000184774c69a3 sp=0x0000006ca07fc360 mode 2

Classes unloaded (0 events):
No events

Classes redefined (0 events):
No events

Internal exceptions (20 events):
Event: 0.887 Thread 0x0000018468447a50 Exception <a 'java/lang/IncompatibleClassChangeError'{0x000000074d2f0ca8}: Found class java.lang.Object, but interface was expected> (0x000000074d2f0ca8) 
thrown [s\src\hotspot\share\interpreter\linkResolver.cpp, line 826]
Event: 0.890 Thread 0x0000018468447a50 Exception <a 'java/lang/NoSuchMethodError'{0x000000074d307c58}: 'void java.lang.invoke.DirectMethodHandle$Holder.invokeStatic(java.lang.Object, java.lang.Object, java.lang.Object, java.lang.Object)'> (0x000000074d307c58) 
thrown [s\src\hotspot\share\interpreter\linkResolver.cpp, line 759]
Event: 0.893 Thread 0x0000018468447a50 Exception <a 'java/lang/NoSuchMethodError'{0x000000074d319958}: 'java.lang.Object java.lang.invoke.DirectMethodHandle$Holder.newInvokeSpecial(java.lang.Object, java.lang.Object, int)'> (0x000000074d319958) 
thrown [s\src\hotspot\share\interpreter\linkResolver.cpp, line 759]
Event: 0.914 Thread 0x0000018468447a50 Exception <a 'java/lang/NoSuchMethodError'{0x000000074d3c1f58}: 'java.lang.Object java.lang.invoke.Invokers$Holder.invokeExact_MT(java.lang.Object, java.lang.Object, java.lang.Object, java.lang.Object, java.lang.Object, java.lang.Object)'> (0x000000074d3c1f58) 
thrown [s\src\hotspot\share\interpreter\linkResolver.cpp, line 759]
Event: 0.916 Thread 0x0000018468447a50 Exception <a 'java/lang/NoSuchMethodError'{0x000000074d3d2690}: 'int java.lang.invoke.DirectMethodHandle$Holder.invokeStatic(java.lang.Object, java.lang.Object, java.lang.Object, java.lang.Object, java.lang.Object)'> (0x000000074d3d2690) 
thrown [s\src\hotspot\share\interpreter\linkResolver.cpp, line 759]
Event: 0.928 Thread 0x0000018468447a50 Exception <a 'java/lang/NoSuchMethodError'{0x000000074d02a2d0}: 'void java.lang.invoke.DirectMethodHandle$Holder.invokeStaticInit(java.lang.Object)'> (0x000000074d02a2d0) 
thrown [s\src\hotspot\share\interpreter\linkResolver.cpp, line 759]
Event: 0.956 Thread 0x0000018468447a50 Exception <a 'java/lang/NoSuchMethodError'{0x000000074d134130}: 'int java.lang.invoke.DirectMethodHandle$Holder.invokeStaticInit(java.lang.Object, java.lang.Object)'> (0x000000074d134130) 
thrown [s\src\hotspot\share\interpreter\linkResolver.cpp, line 759]
Event: 1.018 Thread 0x0000018468447a50 Exception <a 'java/lang/NoSuchMethodError'{0x000000074cf38fe0}: 'java.lang.Object java.lang.invoke.DirectMethodHandle$Holder.newInvokeSpecial(java.lang.Object, java.lang.Object, java.lang.Object, java.lang.Object, java.lang.Object, java.lang.Object, java.lang.Object)'> (0x000000074cf38fe0) 
thrown [s\src\hotspot\share\interpreter\linkResolver.cpp, line 759]
Event: 1.018 Thread 0x0000018468447a50 Exception <a 'java/lang/NoSuchMethodError'{0x000000074cf3db98}: 'java.lang.Object java.lang.invoke.Invokers$Holder.linkToTargetMethod(java.lang.Object, java.lang.Object, java.lang.Object, java.lang.Object, java.lang.Object, java.lang.Object, java.lang.Object)'> (0x000000074cf3db98) 
thrown [s\src\hotspot\share\interpreter\linkResolver.cpp, line 759]
Event: 1.019 Thread 0x0000018468447a50 Exception <a 'java/lang/NoSuchMethodError'{0x000000074cf44060}: 'java.lang.Object java.lang.invoke.DirectMethodHandle$Holder.invokeInterface(java.lang.Object, java.lang.Object, java.lang.Object, java.lang.Object, java.lang.Object)'> (0x000000074cf44060) 
thrown [s\src\hotspot\share\interpreter\linkResolver.cpp, line 759]
Event: 1.019 Thread 0x0000018468447a50 Exception <a 'java/lang/IncompatibleClassChangeError'{0x000000074cf47e58}: Found class java.lang.Object, but interface was expected> (0x000000074cf47e58) 
thrown [s\src\hotspot\share\interpreter\linkResolver.cpp, line 826]
Event: 1.022 Thread 0x0000018468447a50 Exception <a 'java/lang/NoSuchMethodError'{0x000000074cf69640}: 'java.lang.Object java.lang.invoke.DirectMethodHandle$Holder.invokeStaticInit(java.lang.Object, java.lang.Object, java.lang.Object, java.lang.Object, java.lang.Object)'> (0x000000074cf69640) 
thrown [s\src\hotspot\share\interpreter\linkResolver.cpp, line 759]
Event: 1.023 Thread 0x0000018468447a50 Exception <a 'java/lang/NoSuchMethodError'{0x000000074cf6fe60}: 'java.lang.Object java.lang.invoke.Invokers$Holder.invoke_MT(java.lang.Object, java.lang.Object, java.lang.Object, java.lang.Object, java.lang.Object, java.lang.Object)'> (0x000000074cf6fe60) 
thrown [s\src\hotspot\share\interpreter\linkResolver.cpp, line 759]
Event: 1.028 Thread 0x0000018468447a50 Exception <a 'java/lang/NoSuchMethodError'{0x000000074cf9b4e8}: 'int java.lang.invoke.DirectMethodHandle$Holder.invokeInterface(java.lang.Object, java.lang.Object)'> (0x000000074cf9b4e8) 
thrown [s\src\hotspot\share\interpreter\linkResolver.cpp, line 759]
Event: 1.544 Thread 0x0000018468447a50 Exception <a 'java/lang/NoSuchMethodError'{0x000000074c8959d8}: 'int java.lang.invoke.DirectMethodHandle$Holder.invokeStaticInit(java.lang.Object, java.lang.Object, java.lang.Object, java.lang.Object)'> (0x000000074c8959d8) 
thrown [s\src\hotspot\share\interpreter\linkResolver.cpp, line 759]
Event: 1.545 Thread 0x0000018468447a50 Exception <a 'java/lang/IncompatibleClassChangeError'{0x000000074c89f050}: Found class java.lang.Object, but interface was expected> (0x000000074c89f050) 
thrown [s\src\hotspot\share\interpreter\linkResolver.cpp, line 826]
Event: 1.545 Thread 0x0000018468447a50 Exception <a 'java/lang/NoSuchMethodError'{0x000000074c8a2270}: 'void java.lang.invoke.DirectMethodHandle$Holder.invokeStaticInit(java.lang.Object, java.lang.Object)'> (0x000000074c8a2270) 
thrown [s\src\hotspot\share\interpreter\linkResolver.cpp, line 759]
Event: 1.641 Thread 0x0000018468447a50 Exception <a 'java/lang/ClassNotFoundException'{0x000000074c7cac38}: java/lang/ClassLoader$ByteBuddyAccessor$V1> (0x000000074c7cac38) 
thrown [s\src\hotspot\share\classfile\systemDictionary.cpp, line 256]
Event: 2.280 Thread 0x0000018468447a50 Exception <a 'java/lang/ClassNotFoundException'{0x000000074b3fd640}: javax/smartcardio/CardPermission> (0x000000074b3fd640) 
thrown [s\src\hotspot\share\classfile\systemDictionary.cpp, line 256]
Event: 2.283 Thread 0x0000018468447a50 Exception <a 'java/io/FileNotFoundException'{0x000000074b00ec00}> (0x000000074b00ec00) 
thrown [s\src\hotspot\share\prims\jni.cpp, line 516]

VM Operations (20 events):
Event: 0.617 Executing VM operation: HandshakeAllThreads
Event: 0.617 Executing VM operation: HandshakeAllThreads done
Event: 1.021 Executing VM operation: HandshakeAllThreads
Event: 1.021 Executing VM operation: HandshakeAllThreads done
Event: 1.101 Executing VM operation: G1CollectForAllocation
Event: 1.106 Executing VM operation: G1CollectForAllocation done
Event: 1.402 Executing VM operation: HandshakeAllThreads
Event: 1.402 Executing VM operation: HandshakeAllThreads done
Event: 1.607 Executing VM operation: ICBufferFull
Event: 1.608 Executing VM operation: ICBufferFull done
Event: 1.878 Executing VM operation: HandshakeAllThreads
Event: 1.878 Executing VM operation: HandshakeAllThreads done
Event: 1.897 Executing VM operation: ICBufferFull
Event: 1.897 Executing VM operation: ICBufferFull done
Event: 2.012 Executing VM operation: ICBufferFull
Event: 2.012 Executing VM operation: ICBufferFull done
Event: 2.178 Executing VM operation: ICBufferFull
Event: 2.178 Executing VM operation: ICBufferFull done
Event: 2.181 Executing VM operation: HandshakeAllThreads
Event: 2.181 Executing VM operation: HandshakeAllThreads done

Events (20 events):
Event: 2.367 loading class java/time/format/DateTimeParseException
Event: 2.367 loading class java/time/DateTimeException
Event: 2.367 loading class java/time/DateTimeException done
Event: 2.367 loading class java/time/format/DateTimeParseException done
Event: 2.369 loading class org/junit/jupiter/engine/execution/ExtensionValuesStore$MemoizingSupplier$Failure
Event: 2.369 loading class org/junit/jupiter/engine/execution/ExtensionValuesStore$MemoizingSupplier$Failure done
Event: 2.369 loading class org/junit/jupiter/engine/extension/TimeoutConfiguration
Event: 2.369 loading class org/junit/jupiter/engine/extension/TimeoutConfiguration done
Event: 2.370 loading class org/junit/jupiter/engine/extension/TimeoutConfiguration
Event: 2.370 loading class org/junit/jupiter/engine/extension/TimeoutConfiguration done
Event: 2.370 loading class org/junit/jupiter/engine/extension/TimeoutConfiguration
Event: 2.370 loading class org/junit/jupiter/engine/extension/TimeoutConfiguration done
Event: 2.370 loading class org/junit/jupiter/engine/extension/TimeoutDuration
Event: 2.370 loading class org/junit/jupiter/engine/extension/TimeoutDuration done
Event: 2.370 loading class org/junit/jupiter/engine/extension/TimeoutDuration
Event: 2.370 loading class org/junit/jupiter/engine/extension/TimeoutDuration done
Event: 2.370 loading class org/junit/jupiter/engine/extension/TimeoutConfiguration
Event: 2.370 loading class org/junit/jupiter/engine/extension/TimeoutConfiguration done
Event: 2.371 loading class school/sptech/zup/controller/AdminController
Event: 2.371 loading class school/sptech/zup/controller/AdminController done


Dynamic libraries:
0x00007ff77ece0000 - 0x00007ff77eced000 	C:\Users\stefanini\.jdks\corretto-17.0.7\bin\java.exe
0x00007ffe189d0000 - 0x00007ffe18bc8000 	C:\Windows\SYSTEM32\ntdll.dll
0x00007ffe175d0000 - 0x00007ffe1768f000 	C:\Windows\System32\KERNEL32.DLL
0x00007ffe16350000 - 0x00007ffe16646000 	C:\Windows\System32\KERNELBASE.dll
0x00007ffe16730000 - 0x00007ffe16830000 	C:\Windows\System32\ucrtbase.dll
0x00007ffdf0f00000 - 0x00007ffdf0f15000 	C:\Users\stefanini\.jdks\corretto-17.0.7\bin\VCRUNTIME140.dll
0x00007ffdfbfd0000 - 0x00007ffdfbfe7000 	C:\Users\stefanini\.jdks\corretto-17.0.7\bin\jli.dll
0x00007ffe182b0000 - 0x00007ffe1844d000 	C:\Windows\System32\USER32.dll
0x00007ffe096b0000 - 0x00007ffe0994a000 	C:\Windows\WinSxS\amd64_microsoft.windows.common-controls_6595b64144ccf1df_6.0.19041.1110_none_60b5254171f9507e\COMCTL32.dll
0x00007ffe18500000 - 0x00007ffe1859e000 	C:\Windows\System32\msvcrt.dll
0x00007ffe18280000 - 0x00007ffe182ac000 	C:\Windows\System32\GDI32.dll
0x00007ffe162b0000 - 0x00007ffe162d2000 	C:\Windows\System32\win32u.dll
0x00007ffe16190000 - 0x00007ffe162a5000 	C:\Windows\System32\gdi32full.dll
0x00007ffe16990000 - 0x00007ffe16a2d000 	C:\Windows\System32\msvcp_win.dll
0x00007ffe18450000 - 0x00007ffe18480000 	C:\Windows\System32\IMM32.DLL
0x00007ffde2bc0000 - 0x00007ffde2c5b000 	C:\Users\stefanini\.jdks\corretto-17.0.7\bin\msvcp140.dll
0x00007ffddaeb0000 - 0x00007ffddbaca000 	C:\Users\stefanini\.jdks\corretto-17.0.7\bin\server\jvm.dll
0x00007ffe18600000 - 0x00007ffe186af000 	C:\Windows\System32\ADVAPI32.dll
0x00007ffe16a30000 - 0x00007ffe16acc000 	C:\Windows\System32\sechost.dll
0x00007ffe18860000 - 0x00007ffe18986000 	C:\Windows\System32\RPCRT4.dll
0x00007ffe11aa0000 - 0x00007ffe11aa9000 	C:\Windows\SYSTEM32\WSOCK32.dll
0x00007ffe0a8a0000 - 0x00007ffe0a8c7000 	C:\Windows\SYSTEM32\WINMM.dll
0x00007ffe186c0000 - 0x00007ffe1872b000 	C:\Windows\System32\WS2_32.dll
0x00007ffe11340000 - 0x00007ffe1134a000 	C:\Windows\SYSTEM32\VERSION.dll
0x00007ffe13f50000 - 0x00007ffe13f62000 	C:\Windows\SYSTEM32\kernel.appcore.dll
0x00007ffe045e0000 - 0x00007ffe045ea000 	C:\Users\stefanini\.jdks\corretto-17.0.7\bin\jimage.dll
0x00007ffe02ab0000 - 0x00007ffe02c94000 	C:\Windows\SYSTEM32\DBGHELP.DLL
0x00007ffe02a70000 - 0x00007ffe02aa4000 	C:\Windows\SYSTEM32\dbgcore.DLL
0x00007ffe166a0000 - 0x00007ffe16722000 	C:\Windows\System32\bcryptPrimitives.dll
0x00007ffe04630000 - 0x00007ffe0463e000 	C:\Users\stefanini\.jdks\corretto-17.0.7\bin\instrument.dll
0x00007ffdf0ed0000 - 0x00007ffdf0ef5000 	C:\Users\stefanini\.jdks\corretto-17.0.7\bin\java.dll
0x00007ffdef1d0000 - 0x00007ffdef1e8000 	C:\Users\stefanini\.jdks\corretto-17.0.7\bin\zip.dll
0x00007ffde1d00000 - 0x00007ffde1dd6000 	C:\Users\stefanini\.jdks\corretto-17.0.7\bin\jsvml.dll
0x00007ffe17770000 - 0x00007ffe17eb4000 	C:\Windows\System32\SHELL32.dll
0x00007ffe14150000 - 0x00007ffe148e3000 	C:\Windows\SYSTEM32\windows.storage.dll
0x00007ffe16b30000 - 0x00007ffe16e84000 	C:\Windows\System32\combase.dll
0x00007ffe15a30000 - 0x00007ffe15a5e000 	C:\Windows\SYSTEM32\Wldp.dll
0x00007ffe173e0000 - 0x00007ffe1748d000 	C:\Windows\System32\SHCORE.dll
0x00007ffe185a0000 - 0x00007ffe185f5000 	C:\Windows\System32\shlwapi.dll
0x00007ffe15ff0000 - 0x00007ffe1600f000 	C:\Windows\SYSTEM32\profapi.dll
0x00007ffdf07f0000 - 0x00007ffdf0809000 	C:\Users\stefanini\.jdks\corretto-17.0.7\bin\net.dll
0x00007ffe0dbf0000 - 0x00007ffe0dcfa000 	C:\Windows\SYSTEM32\WINHTTP.dll
0x00007ffe157a0000 - 0x00007ffe1580a000 	C:\Windows\system32\mswsock.dll
0x00007ffdf0e20000 - 0x00007ffdf0e35000 	C:\Users\stefanini\.jdks\corretto-17.0.7\bin\nio.dll
0x00007ffdfc330000 - 0x00007ffdfc34a000 	C:\Program Files\JetBrains\IntelliJ IDEA Community Edition 2022.3.2\bin\breakgen64.dll
0x00007ffdf6480000 - 0x00007ffdf6490000 	C:\Users\stefanini\.jdks\corretto-17.0.7\bin\verify.dll

dbghelp: loaded successfully - version: 4.0.5 - missing functions: none
symbol engine: initialized successfully - sym options: 0x614 - pdb path: .;C:\Users\stefanini\.jdks\corretto-17.0.7\bin;C:\Windows\SYSTEM32;C:\Windows\WinSxS\amd64_microsoft.windows.common-controls_6595b64144ccf1df_6.0.19041.1110_none_60b5254171f9507e;C:\Users\stefanini\.jdks\corretto-17.0.7\bin\server;C:\Program Files\JetBrains\IntelliJ IDEA Community Edition 2022.3.2\bin

VM Arguments:
jvm_args: -ea -javaagent:C:\Users\stefanini\AppData\Local\JetBrains\IdeaIC2022.3\testAgent\intellij-coverage-agent-1.0.682.jar=C:\Users\stefanini\AppData\Local\Temp\coverage3args -Didea.new.sampling.coverage=true -Dcoverage.ignore.private.constructor.util.class=true -Didea.test.cyclic.buffer.size=1048576 -javaagent:C:\Program Files\JetBrains\IntelliJ IDEA Community Edition 2022.3.2\lib\idea_rt.jar=60013:C:\Program Files\JetBrains\IntelliJ IDEA Community Edition 2022.3.2\bin -Dfile.encoding=UTF-8 
java_command: com.intellij.rt.junit.JUnitStarter -ideVersion5 -junit5 school.sptech.zup.controller.UsuarioControllerTest,usuarioController
java_class_path (initial): C:\Users\stefanini\.m2\repository\org\junit\platform\junit-platform-launcher\1.8.2\junit-platform-launcher-1.8.2.jar;C:\Program Files\JetBrains\IntelliJ IDEA Community Edition 2022.3.2\lib\idea_rt.jar;C:\Program Files\JetBrains\IntelliJ IDEA Community Edition 2022.3.2\plugins\junit\lib\junit5-rt.jar;C:\Program Files\JetBrains\IntelliJ IDEA Community Edition 2022.3.2\plugins\junit\lib\junit-rt.jar;C:\Users\stefanini\Music\apl-back-zup\zup\zup\zup\target\test-classes;C:\Users\stefanini\Music\apl-back-zup\zup\zup\zup\target\classes;C:\Users\stefanini\.m2\repository\org\springframework\boot\spring-boot-starter-data-jpa\2.7.9\spring-boot-starter-data-jpa-2.7.9.jar;C:\Users\stefanini\.m2\repository\org\springframework\boot\spring-boot-starter-aop\2.7.9\spring-boot-starter-aop-2.7.9.jar;C:\Users\stefanini\.m2\repository\org\aspectj\aspectjweaver\1.9.7\aspectjweaver-1.9.7.jar;C:\Users\stefanini\.m2\repository\org\springframework\boot\spring-boot-starter-jdbc\2.7.9\spring-boot-starter-jdbc-2.7.9.jar;C:\Users\stefanini\.m2\repository\com\zaxxer\HikariCP\4.0.3\HikariCP-4.0.3.jar;C:\Users\stefanini\.m2\repository\org\springframework\spring-jdbc\5.3.25\spring-jdbc-5.3.25.jar;C:\Users\stefanini\.m2\repository\jakarta\transaction\jakarta.transaction-api\1.3.3\jakarta.transaction-api-1.3.3.jar;C:\Users\stefanini\.m2\repository\jakarta\persistence\jakarta.persistence-api\2.2.3\jakarta.persistence-api-2.2.3.jar;C:\Users\stefanini\.m2\repository\org\hibernate\hibernate-core\5.6.15.Final\hibernate-core-5.6.15.Final.jar;C:\Users\stefanini\.m2\repository\org\jboss\logging\jboss-logging\3.4.3.Final\jboss-logging-3.4.3.Final.jar;C:\Users\stefanini\.m2\repository\net\bytebuddy\byte-buddy\1.12.23\byte-buddy-1.12.23.jar;C:\Users\stefanini\.m2\repository\antlr\antlr\2.7.7\antlr-2.7.7.jar;C:\Users\stefanini\.m2\repository\org\jboss\jandex\2.4.2.Final\jandex-2.4.2.Final.jar;C:\Users\stefanini\.m2\repository\com\fasterxml\classmate\1.5.1\classmate-1.5.1.jar;C:\Users\s
Launcher Type: SUN_STANDARD

[Global flags]
     intx CICompilerCount                          = 3                                         {product} {ergonomic}
     uint ConcGCThreads                            = 1                                         {product} {ergonomic}
     uint G1ConcRefinementThreads                  = 4                                         {product} {ergonomic}
   size_t G1HeapRegionSize                         = 2097152                                   {product} {ergonomic}
    uintx GCDrainStackTargetSize                   = 64                                        {product} {ergonomic}
   size_t InitialHeapSize                          = 201326592                                 {product} {ergonomic}
   size_t MarkStackSize                            = 4194304                                   {product} {ergonomic}
   size_t MaxHeapSize                              = 3191865344                                {product} {ergonomic}
   size_t MaxNewSize                               = 1914699776                                {product} {ergonomic}
   size_t MinHeapDeltaBytes                        = 2097152                                   {product} {ergonomic}
   size_t MinHeapSize                              = 8388608                                   {product} {ergonomic}
    uintx NonNMethodCodeHeapSize                   = 5832780                                {pd product} {ergonomic}
    uintx NonProfiledCodeHeapSize                  = 122912730                              {pd product} {ergonomic}
    uintx ProfiledCodeHeapSize                     = 122912730                              {pd product} {ergonomic}
    uintx ReservedCodeCacheSize                    = 251658240                              {pd product} {ergonomic}
     bool SegmentedCodeCache                       = true                                      {product} {ergonomic}
   size_t SoftMaxHeapSize                          = 3191865344                             {manageable} {ergonomic}
     bool UseCompressedClassPointers               = true                           {product lp64_product} {ergonomic}
     bool UseCompressedOops                        = true                           {product lp64_product} {ergonomic}
     bool UseG1GC                                  = true                                      {product} {ergonomic}
     bool UseLargePagesIndividualAllocation        = false                                  {pd product} {ergonomic}

Logging:
Log output configuration:
 #0: stdout all=warning uptime,level,tags
 #1: stderr all=off uptime,level,tags

Environment Variables:
JAVA_HOME=C:\Program Files\Eclipse Adoptium\jdk-11.0.16.8-hotspot\
PATH=C:\Program Files\Eclipse Adoptium\jdk-11.0.16.8-hotspot\bin;C:\Python310\Scripts\;C:\Python310\;C:\Windows\system32;C:\Windows;C:\Windows\System32\Wbem;C:\Windows\System32\WindowsPowerShell\v1.0\;C:\Windows\System32\OpenSSH\;C:\Program Files\nodejs\;C:\ProgramData\chocolatey\bin;C:\Program Files\Git\cmd;C:\Program Files\dotnet\;C:\Program Files\Docker\Docker\resources\bin;C:\Users\stefanini\AppData\Local\Microsoft\WindowsApps;;C:\Users\stefanini\AppData\Local\Programs\Microsoft VS Code\bin;C:\Users\stefanini\AppData\Roaming\npm;C:\Program Files\JetBrains\IntelliJ IDEA Community Edition 2022.3.2\bin;
USERNAME=stefanini
OS=Windows_NT
PROCESSOR_IDENTIFIER=Intel64 Family 6 Model 94 Stepping 3, GenuineIntel
TMP=C:\Users\STEFAN~1\AppData\Local\Temp
TEMP=C:\Users\STEFAN~1\AppData\Local\Temp



---------------  S Y S T E M  ---------------

OS:
 Windows 10 , 64 bit Build 19041 (10.0.19041.2913)
OS uptime: 1 days 9:40 hours
Hyper-V role detected

CPU: total 4 (initial active 4) (4 cores per cpu, 1 threads per core) family 6 model 94 stepping 3 microcode 0xcc, cx8, cmov, fxsr, mmx, 3dnowpref, sse, sse2, sse3, ssse3, sse4.1, sse4.2, popcnt, lzcnt, tsc, tscinvbit, avx, avx2, aes, erms, clmul, bmi1, bmi2, rtm, adx, fma, vzeroupper, clflush, clflushopt, hv

Memory: 4k page, system-wide physical 12170M (4445M free)
TotalPageFile size 49034M (AvailPageFile size 3M)
current process WorkingSet (physical memory assigned to process): 142M, peak: 142M
current process commit charge ("private bytes"): 317M, peak: 317M

vm_info: OpenJDK 64-Bit Server VM (17.0.7+7-LTS) for windows-amd64 JRE (17.0.7+7-LTS), built on Apr 14 2023 01:39:21 by "Administrator" with MS VC++ 15.9 (VS2017)

END.
